# JRE version: OpenJDK Runtime Environment Temurin-22.0.1+8 (22.0.1+8) (build 22.0.1+8)
# Java VM: OpenJDK 64-Bit Server VM Temurin-22.0.1+8 (22.0.1+8, mixed mode, tiered, compressed oops, compressed class ptrs, g1 gc, windows-amd64)
GC Precious Log:
 CardTable entry size: 512
 Card Set container configuration: InlinePtr #cards 5 size 8 Array Of Cards #cards 12 size 40 Howl #buckets 4 coarsen threshold 1843 Howl Bitmap #cards 512 size 80 coarsen threshold 460 Card regions per heap region 1 cards per card region 2048
 CPUs: 8 total, 8 available
 Memory: 8034M
 Large Page Support: Disabled
 NUMA Support: Disabled
 Compressed Oops: Enabled (32-bit)
 Heap Region Size: 1M
 Heap Min Capacity: 8M
 Heap Initial Capacity: 126M
 Heap Max Capacity: 2010M
 Pre-touch: Disabled
 Parallel Workers: 8
 Concurrent Workers: 2
 Concurrent Refinement Workers: 8
 Periodic GC: Disabled
Heap:
 garbage-first heap   total reserved 2058240K, committed 73728K, used 61294K [0x0000000082600000, 0x0000000100000000)
  region size 1024K, 45 young (46080K), 5 survivors (5120K)
 Metaspace       used 37179K, committed 37504K, reserved 1114112K
  class space    used 4028K, committed 4160K, reserved 1048576K
GC Heap History (19 events):
Event: 5.128 GC heap before
{Heap before GC invocations=0 (full 0):
 garbage-first heap   total reserved 2058240K, committed 129024K, used 23552K [0x0000000082600000, 0x0000000100000000)
  region size 1024K, 24 young (24576K), 0 survivors (0K)
 Metaspace       used 16928K, committed 17088K, reserved 1114112K
  class space    used 1676K, committed 1728K, reserved 1048576K
}
Event: 5.134 GC heap after
{Heap after GC invocations=1 (full 0):
 garbage-first heap   total reserved 2058240K, committed 129024K, used 4437K [0x0000000082600000, 0x0000000100000000)
  region size 1024K, 3 young (3072K), 3 survivors (3072K)
 Metaspace       used 16928K, committed 17088K, reserved 1114112K
  class space    used 1676K, committed 1728K, reserved 1048576K
}
Event: 6.025 GC heap before
{Heap before GC invocations=1 (full 0):
 garbage-first heap   total reserved 2058240K, committed 129024K, used 36181K [0x0000000082600000, 0x0000000100000000)
  region size 1024K, 34 young (34816K), 3 survivors (3072K)
 Metaspace       used 21360K, committed 21504K, reserved 1114112K
  class space    used 2231K, committed 2304K, reserved 1048576K
}
Event: 6.030 GC heap after
{Heap after GC invocations=2 (full 0):
 garbage-first heap   total reserved 2058240K, committed 129024K, used 6659K [0x0000000082600000, 0x0000000100000000)
  region size 1024K, 2 young (2048K), 2 survivors (2048K)
 Metaspace       used 21360K, committed 21504K, reserved 1114112K
  class space    used 2231K, committed 2304K, reserved 1048576K
}
Event: 6.032 GC heap before
{Heap before GC invocations=2 (full 0):
 garbage-first heap   total reserved 2058240K, committed 129024K, used 6659K [0x0000000082600000, 0x0000000100000000)
  region size 1024K, 3 young (3072K), 2 survivors (2048K)
 Metaspace       used 21381K, committed 21504K, reserved 1114112K
  class space    used 2234K, committed 2304K, reserved 1048576K
}
Event: 6.034 GC heap after
{Heap after GC invocations=3 (full 0):
 garbage-first heap   total reserved 2058240K, committed 129024K, used 6541K [0x0000000082600000, 0x0000000100000000)
  region size 1024K, 2 young (2048K), 2 survivors (2048K)
 Metaspace       used 21381K, committed 21504K, reserved 1114112K
  class space    used 2234K, committed 2304K, reserved 1048576K
}
Event: 6.676 GC heap before
{Heap before GC invocations=4 (full 0):
 garbage-first heap   total reserved 2058240K, committed 24576K, used 23949K [0x0000000082600000, 0x0000000100000000)
  region size 1024K, 19 young (19456K), 2 survivors (2048K)
 Metaspace       used 24917K, committed 25088K, reserved 1114112K
  class space    used 2688K, committed 2752K, reserved 1048576K
}
Event: 6.683 GC heap after
{Heap after GC invocations=5 (full 0):
 garbage-first heap   total reserved 2058240K, committed 28672K, used 8393K [0x0000000082600000, 0x0000000100000000)
  region size 1024K, 4 young (4096K), 4 survivors (4096K)
 Metaspace       used 24917K, committed 25088K, reserved 1114112K
  class space    used 2688K, committed 2752K, reserved 1048576K
}
Event: 7.118 GC heap before
{Heap before GC invocations=5 (full 0):
 garbage-first heap   total reserved 2058240K, committed 28672K, used 20681K [0x0000000082600000, 0x0000000100000000)
  region size 1024K, 16 young (16384K), 4 survivors (4096K)
 Metaspace       used 26723K, committed 27008K, reserved 1114112K
  class space    used 2889K, committed 3008K, reserved 1048576K
}
Event: 7.126 GC heap after
{Heap after GC invocations=6 (full 0):
 garbage-first heap   total reserved 2058240K, committed 28672K, used 8927K [0x0000000082600000, 0x0000000100000000)
  region size 1024K, 2 young (2048K), 2 survivors (2048K)
 Metaspace       used 26723K, committed 27008K, reserved 1114112K
  class space    used 2889K, committed 3008K, reserved 1048576K
}
Event: 7.483 GC heap before
{Heap before GC invocations=6 (full 0):
 garbage-first heap   total reserved 2058240K, committed 28672K, used 23263K [0x0000000082600000, 0x0000000100000000)
  region size 1024K, 16 young (16384K), 2 survivors (2048K)
 Metaspace       used 27070K, committed 27456K, reserved 1114112K
  class space    used 2908K, committed 3072K, reserved 1048576K
}
Event: 7.486 GC heap after
{Heap after GC invocations=7 (full 0):
 garbage-first heap   total reserved 2058240K, committed 28672K, used 10492K [0x0000000082600000, 0x0000000100000000)
  region size 1024K, 2 young (2048K), 2 survivors (2048K)
 Metaspace       used 27070K, committed 27456K, reserved 1114112K
  class space    used 2908K, committed 3072K, reserved 1048576K
}
Event: 7.667 GC heap before
{Heap before GC invocations=7 (full 0):
 garbage-first heap   total reserved 2058240K, committed 28672K, used 23804K [0x0000000082600000, 0x0000000100000000)
  region size 1024K, 15 young (15360K), 2 survivors (2048K)
 Metaspace       used 27217K, committed 27520K, reserved 1114112K
  class space    used 2910K, committed 3072K, reserved 1048576K
}
Event: 7.670 GC heap after
{Heap after GC invocations=8 (full 0):
 garbage-first heap   total reserved 2058240K, committed 78848K, used 11096K [0x0000000082600000, 0x0000000100000000)
  region size 1024K, 1 young (1024K), 1 survivors (1024K)
 Metaspace       used 27217K, committed 27520K, reserved 1114112K
  class space    used 2910K, committed 3072K, reserved 1048576K
}
Event: 9.252 GC heap before
{Heap before GC invocations=8 (full 0):
 garbage-first heap   total reserved 2058240K, committed 78848K, used 57176K [0x0000000082600000, 0x0000000100000000)
  region size 1024K, 46 young (47104K), 1 survivors (1024K)
 Metaspace       used 28534K, committed 28800K, reserved 1114112K
  class space    used 3022K, committed 3136K, reserved 1048576K
}
Event: 9.258 GC heap after
{Heap after GC invocations=9 (full 0):
 garbage-first heap   total reserved 2058240K, committed 78848K, used 13667K [0x0000000082600000, 0x0000000100000000)
  region size 1024K, 4 young (4096K), 4 survivors (4096K)
 Metaspace       used 28534K, committed 28800K, reserved 1114112K
  class space    used 3022K, committed 3136K, reserved 1048576K
}
Event: 11.774 GC heap before
{Heap before GC invocations=9 (full 0):
 garbage-first heap   total reserved 2058240K, committed 78848K, used 57699K [0x0000000082600000, 0x0000000100000000)
  region size 1024K, 46 young (47104K), 4 survivors (4096K)
 Metaspace       used 35679K, committed 35968K, reserved 1114112K
  class space    used 3882K, committed 4032K, reserved 1048576K
}
Event: 11.782 GC heap after
{Heap after GC invocations=10 (full 0):
 garbage-first heap   total reserved 2058240K, committed 78848K, used 19310K [0x0000000082600000, 0x0000000100000000)
  region size 1024K, 6 young (6144K), 6 survivors (6144K)
 Metaspace       used 35679K, committed 35968K, reserved 1114112K
  class space    used 3882K, committed 4032K, reserved 1048576K
}
Event: 12.841 GC heap before
{Heap before GC invocations=11 (full 0):
 garbage-first heap   total reserved 2058240K, committed 65536K, used 60270K [0x0000000082600000, 0x0000000100000000)
  region size 1024K, 46 young (47104K), 6 survivors (6144K)
 Metaspace       used 37179K, committed 37504K, reserved 1114112K
  class space    used 4028K, committed 4160K, reserved 1048576K
}

