# JRE version: OpenJDK Runtime Environment Temurin-22.0.1+8 (22.0.1+8) (build 22.0.1+8)
# Java VM: OpenJDK 64-Bit Server VM Temurin-22.0.1+8 (22.0.1+8, mixed mode, tiered, compressed oops, compressed class ptrs, g1 gc, windows-amd64)
GC Precious Log:
 CardTable entry size: 512
 Card Set container configuration: InlinePtr #cards 5 size 8 Array Of Cards #cards 12 size 40 Howl #buckets 4 coarsen threshold 1843 Howl Bitmap #cards 512 size 80 coarsen threshold 460 Card regions per heap region 1 cards per card region 2048
 CPUs: 8 total, 8 available
 Memory: 8034M
 Large Page Support: Disabled
 NUMA Support: Disabled
 Compressed Oops: Enabled (32-bit)
 Heap Region Size: 1M
 Heap Min Capacity: 8M
 Heap Initial Capacity: 126M
 Heap Max Capacity: 2010M
 Pre-touch: Disabled
 Parallel Workers: 8
 Concurrent Workers: 2
 Concurrent Refinement Workers: 8
 Periodic GC: Disabled
Heap:
 garbage-first heap   total reserved 2058240K, committed 53248K, used 39194K [0x0000000082600000, 0x0000000100000000)
  region size 1024K, 11 young (11264K), 2 survivors (2048K)
 Metaspace       used 79517K, committed 80256K, reserved 1179648K
  class space    used 10439K, committed 10752K, reserved 1048576K
GC Heap History (20 events):
Event: 7.602 GC heap before
{Heap before GC invocations=14 (full 0):
 garbage-first heap   total reserved 2058240K, committed 41984K, used 34909K [0x0000000082600000, 0x0000000100000000)
  region size 1024K, 16 young (16384K), 3 survivors (3072K)
 Metaspace       used 51423K, committed 52032K, reserved 1114112K
  class space    used 6395K, committed 6656K, reserved 1048576K
}
Event: 7.610 GC heap after
{Heap after GC invocations=15 (full 0):
 garbage-first heap   total reserved 2058240K, committed 41984K, used 22807K [0x0000000082600000, 0x0000000100000000)
  region size 1024K, 2 young (2048K), 2 survivors (2048K)
 Metaspace       used 51423K, committed 52032K, reserved 1114112K
  class space    used 6395K, committed 6656K, reserved 1048576K
}
Event: 8.366 GC heap before
{Heap before GC invocations=15 (full 0):
 garbage-first heap   total reserved 2058240K, committed 41984K, used 36119K [0x0000000082600000, 0x0000000100000000)
  region size 1024K, 15 young (15360K), 2 survivors (2048K)
 Metaspace       used 57390K, committed 57920K, reserved 1114112K
  class space    used 7166K, committed 7424K, reserved 1048576K
}
Event: 8.375 GC heap after
{Heap after GC invocations=16 (full 0):
 garbage-first heap   total reserved 2058240K, committed 41984K, used 23999K [0x0000000082600000, 0x0000000100000000)
  region size 1024K, 2 young (2048K), 2 survivors (2048K)
 Metaspace       used 57390K, committed 57920K, reserved 1114112K
  class space    used 7166K, committed 7424K, reserved 1048576K
}
Event: 8.660 GC heap before
{Heap before GC invocations=16 (full 0):
 garbage-first heap   total reserved 2058240K, committed 41984K, used 34239K [0x0000000082600000, 0x0000000100000000)
  region size 1024K, 13 young (13312K), 2 survivors (2048K)
 Metaspace       used 59567K, committed 60160K, reserved 1114112K
  class space    used 7415K, committed 7680K, reserved 1048576K
}
Event: 8.665 GC heap after
{Heap after GC invocations=17 (full 0):
 garbage-first heap   total reserved 2058240K, committed 41984K, used 24752K [0x0000000082600000, 0x0000000100000000)
  region size 1024K, 2 young (2048K), 2 survivors (2048K)
 Metaspace       used 59567K, committed 60160K, reserved 1114112K
  class space    used 7415K, committed 7680K, reserved 1048576K
}
Event: 9.148 GC heap before
{Heap before GC invocations=18 (full 0):
 garbage-first heap   total reserved 2058240K, committed 43008K, used 34992K [0x0000000082600000, 0x0000000100000000)
  region size 1024K, 13 young (13312K), 2 survivors (2048K)
 Metaspace       used 63953K, committed 64512K, reserved 1114112K
  class space    used 8065K, committed 8320K, reserved 1048576K
}
Event: 9.153 GC heap after
{Heap after GC invocations=19 (full 0):
 garbage-first heap   total reserved 2058240K, committed 43008K, used 25242K [0x0000000082600000, 0x0000000100000000)
  region size 1024K, 2 young (2048K), 2 survivors (2048K)
 Metaspace       used 63953K, committed 64512K, reserved 1114112K
  class space    used 8065K, committed 8320K, reserved 1048576K
}
Event: 9.463 GC heap before
{Heap before GC invocations=19 (full 0):
 garbage-first heap   total reserved 2058240K, committed 43008K, used 36506K [0x0000000082600000, 0x0000000100000000)
  region size 1024K, 13 young (13312K), 2 survivors (2048K)
 Metaspace       used 66603K, committed 67200K, reserved 1114112K
  class space    used 8568K, committed 8832K, reserved 1048576K
}
Event: 9.471 GC heap after
{Heap after GC invocations=20 (full 0):
 garbage-first heap   total reserved 2058240K, committed 52224K, used 25895K [0x0000000082600000, 0x0000000100000000)
  region size 1024K, 2 young (2048K), 2 survivors (2048K)
 Metaspace       used 66603K, committed 67200K, reserved 1114112K
  class space    used 8568K, committed 8832K, reserved 1048576K
}
Event: 10.090 GC heap before
{Heap before GC invocations=20 (full 0):
 garbage-first heap   total reserved 2058240K, committed 52224K, used 43303K [0x0000000082600000, 0x0000000100000000)
  region size 1024K, 20 young (20480K), 2 survivors (2048K)
 Metaspace       used 70892K, committed 71488K, reserved 1114112K
  class space    used 9120K, committed 9344K, reserved 1048576K
}
Event: 10.097 GC heap after
{Heap after GC invocations=21 (full 0):
 garbage-first heap   total reserved 2058240K, committed 52224K, used 27118K [0x0000000082600000, 0x0000000100000000)
  region size 1024K, 3 young (3072K), 3 survivors (3072K)
 Metaspace       used 70892K, committed 71488K, reserved 1114112K
  class space    used 9120K, committed 9344K, reserved 1048576K
}
Event: 10.695 GC heap before
{Heap before GC invocations=22 (full 0):
 garbage-first heap   total reserved 2058240K, committed 52224K, used 43502K [0x0000000082600000, 0x0000000100000000)
  region size 1024K, 19 young (19456K), 3 survivors (3072K)
 Metaspace       used 73379K, committed 74048K, reserved 1114112K
  class space    used 9561K, committed 9856K, reserved 1048576K
}
Event: 10.702 GC heap after
{Heap after GC invocations=23 (full 0):
 garbage-first heap   total reserved 2058240K, committed 52224K, used 28455K [0x0000000082600000, 0x0000000100000000)
  region size 1024K, 3 young (3072K), 3 survivors (3072K)
 Metaspace       used 73379K, committed 74048K, reserved 1114112K
  class space    used 9561K, committed 9856K, reserved 1048576K
}
Event: 11.138 GC heap before
{Heap before GC invocations=23 (full 0):
 garbage-first heap   total reserved 2058240K, committed 52224K, used 42791K [0x0000000082600000, 0x0000000100000000)
  region size 1024K, 18 young (18432K), 3 survivors (3072K)
 Metaspace       used 74973K, committed 75712K, reserved 1179648K
  class space    used 9802K, committed 10112K, reserved 1048576K
}
Event: 11.143 GC heap after
{Heap after GC invocations=24 (full 0):
 garbage-first heap   total reserved 2058240K, committed 52224K, used 29393K [0x0000000082600000, 0x0000000100000000)
  region size 1024K, 3 young (3072K), 3 survivors (3072K)
 Metaspace       used 74973K, committed 75712K, reserved 1179648K
  class space    used 9802K, committed 10112K, reserved 1048576K
}
Event: 11.529 GC heap before
{Heap before GC invocations=24 (full 0):
 garbage-first heap   total reserved 2058240K, committed 52224K, used 43729K [0x0000000082600000, 0x0000000100000000)
  region size 1024K, 17 young (17408K), 3 survivors (3072K)
 Metaspace       used 76244K, committed 76992K, reserved 1179648K
  class space    used 9979K, committed 10304K, reserved 1048576K
}
Event: 11.534 GC heap after
{Heap after GC invocations=25 (full 0):
 garbage-first heap   total reserved 2058240K, committed 52224K, used 30651K [0x0000000082600000, 0x0000000100000000)
  region size 1024K, 3 young (3072K), 3 survivors (3072K)
 Metaspace       used 76244K, committed 76992K, reserved 1179648K
  class space    used 9979K, committed 10304K, reserved 1048576K
}
Event: 11.957 GC heap before
{Heap before GC invocations=26 (full 0):
 garbage-first heap   total reserved 2058240K, committed 53248K, used 43963K [0x0000000082600000, 0x0000000100000000)
  region size 1024K, 16 young (16384K), 3 survivors (3072K)
 Metaspace       used 77465K, committed 78208K, reserved 1179648K
  class space    used 10170K, committed 10496K, reserved 1048576K
}
Event: 11.963 GC heap after
{Heap after GC invocations=27 (full 0):
 garbage-first heap   total reserved 2058240K, committed 53248K, used 32026K [0x0000000082600000, 0x0000000100000000)
  region size 1024K, 2 young (2048K), 2 survivors (2048K)
 Metaspace       used 77465K, committed 78208K, reserved 1179648K
  class space    used 10170K, committed 10496K, reserved 1048576K
}

